<?xml version="1.0" encoding="UTF-8"?>
<!-- Generated by org.testng.reporters.JUnitReportReporter -->
<testsuite hostname="DESKTOP-KIRAN" failures="0" tests="2" name="qaclickacademy.seleniumTest" time="0.028" errors="0" timestamp="2020-04-18T02:30:58 BST" skipped="0">
  <testcase classname="qaclickacademy.seleniumTest" name="uielement" time="0.022"/>
  <system-out/>
  <testcase classname="qaclickacademy.seleniumTest" name="uiobject" time="0.006"/>
  <system-out/>
</testsuite> <!-- qaclickacademy.seleniumTest -->
