<?xml version="1.0" encoding="UTF-8"?>
<!-- Generated by org.testng.reporters.JUnitReportReporter -->
<testsuite hostname="DESKTOP-KIRAN" failures="0" tests="2" name="qaclickacademy.selenium2Test" time="0.011" errors="0" timestamp="2020-04-18T02:31:14 BST" skipped="0">
  <testcase classname="qaclickacademy.selenium2Test" name="uielement2" time="0.003"/>
  <system-out/>
  <testcase classname="qaclickacademy.selenium2Test" name="uiobject2" time="0.008"/>
  <system-out/>
</testsuite> <!-- qaclickacademy.selenium2Test -->
