<?xml version="1.0" encoding="UTF-8"?>
<!-- Generated by org.testng.reporters.JUnitReportReporter -->
<testsuite hostname="DESKTOP-KIRAN" failures="0" tests="2" name="qaclickacademy.selenium1Test" time="0.022" errors="0" timestamp="2020-04-18T02:31:14 BST" skipped="0">
  <testcase classname="qaclickacademy.selenium1Test" name="uielement1" time="0.018"/>
  <system-out/>
  <testcase classname="qaclickacademy.selenium1Test" name="uiobject1" time="0.004"/>
  <system-out/>
</testsuite> <!-- qaclickacademy.selenium1Test -->
