<?xml version="1.0" encoding="UTF-8"?>
<!-- Generated by org.testng.reporters.JUnitReportReporter -->
<testsuite hostname="DESKTOP-KIRAN" failures="0" tests="2" name="qaclickacademy.selenium1Test" time="0.007" errors="0" timestamp="2020-04-18T01:44:32 BST" skipped="0">
  <testcase classname="qaclickacademy.selenium1Test" name="uielement1" time="0.007"/>
  <system-out/>
  <testcase classname="qaclickacademy.selenium1Test" name="uiobject1" time="0.000"/>
  <system-out/>
</testsuite> <!-- qaclickacademy.selenium1Test -->
